{"C:\\study\\nodejs\\nodejs\\src\\config.ts": {"path":"C:\\study\\nodejs\\nodejs\\src\\config.ts","statementMap":{"0":{"start":{"line":1,"column":13},"end":{"line":1,"column":70}},"1":{"start":{"line":3,"column":13},"end":{"line":3,"column":60}}},"fnMap":{},"branchMap":{},"s":{"0":2,"1":2},"f":{},"b":{}}
,"C:\\study\\nodejs\\nodejs\\src\\helpers.ts": {"path":"C:\\study\\nodejs\\nodejs\\src\\helpers.ts","statementMap":{"0":{"start":{"line":1,"column":0},"end":{"line":1,"column":47}},"1":{"start":{"line":4,"column":31},"end":{"line":6,"column":1}},"2":{"start":{"line":5,"column":2},"end":{"line":5,"column":47}},"3":{"start":{"line":4,"column":13},"end":{"line":4,"column":31}},"4":{"start":{"line":8,"column":28},"end":{"line":10,"column":1}},"5":{"start":{"line":9,"column":2},"end":{"line":9,"column":43}},"6":{"start":{"line":8,"column":13},"end":{"line":8,"column":28}},"7":{"start":{"line":12,"column":29},"end":{"line":22,"column":1}},"8":{"start":{"line":12,"column":36},"end":{"line":12,"column":38}},"9":{"start":{"line":12,"column":45},"end":{"line":12,"column":84}},"10":{"start":{"line":13,"column":2},"end":{"line":15,"column":null}},"11":{"start":{"line":14,"column":4},"end":{"line":14,"column":79}},"12":{"start":{"line":17,"column":2},"end":{"line":19,"column":null}},"13":{"start":{"line":18,"column":4},"end":{"line":18,"column":72}},"14":{"start":{"line":21,"column":2},"end":{"line":21,"column":14}},"15":{"start":{"line":12,"column":13},"end":{"line":12,"column":29}},"16":{"start":{"line":24,"column":36},"end":{"line":30,"column":1}},"17":{"start":{"line":25,"column":2},"end":{"line":29,"column":4}},"18":{"start":{"line":24,"column":13},"end":{"line":24,"column":36}}},"fnMap":{"0":{"name":"(anonymous_0)","decl":{"start":{"line":4,"column":31},"end":{"line":4,"column":32}},"loc":{"start":{"line":4,"column":47},"end":{"line":6,"column":1}}},"1":{"name":"(anonymous_1)","decl":{"start":{"line":8,"column":28},"end":{"line":8,"column":29}},"loc":{"start":{"line":8,"column":41},"end":{"line":10,"column":1}}},"2":{"name":"(anonymous_2)","decl":{"start":{"line":12,"column":29},"end":{"line":12,"column":30}},"loc":{"start":{"line":12,"column":84},"end":{"line":22,"column":1}}},"3":{"name":"(anonymous_3)","decl":{"start":{"line":24,"column":36},"end":{"line":24,"column":37}},"loc":{"start":{"line":24,"column":59},"end":{"line":30,"column":1}}}},"branchMap":{"0":{"loc":{"start":{"line":13,"column":2},"end":{"line":15,"column":null}},"type":"if","locations":[{"start":{"line":13,"column":2},"end":{"line":15,"column":null}}]},"1":{"loc":{"start":{"line":13,"column":6},"end":{"line":13,"column":42}},"type":"binary-expr","locations":[{"start":{"line":13,"column":6},"end":{"line":13,"column":13}},{"start":{"line":13,"column":17},"end":{"line":13,"column":42}}]},"2":{"loc":{"start":{"line":17,"column":2},"end":{"line":19,"column":null}},"type":"if","locations":[{"start":{"line":17,"column":2},"end":{"line":19,"column":null}}]},"3":{"loc":{"start":{"line":17,"column":6},"end":{"line":17,"column":33}},"type":"binary-expr","locations":[{"start":{"line":17,"column":6},"end":{"line":17,"column":10}},{"start":{"line":17,"column":14},"end":{"line":17,"column":33}}]}},"s":{"0":2,"1":2,"2":19,"3":2,"4":2,"5":7,"6":2,"7":2,"8":13,"9":13,"10":13,"11":1,"12":12,"13":1,"14":11,"15":2,"16":2,"17":8,"18":2},"f":{"0":19,"1":7,"2":13,"3":8},"b":{"0":[1],"1":[13,11],"2":[1],"3":[12,5]}}
,"C:\\study\\nodejs\\nodejs\\src\\services\\public-holiday.service.ts": {"path":"C:\\study\\nodejs\\nodejs\\src\\services\\public-holiday.service.ts","statementMap":{"0":{"start":{"line":1,"column":0},"end":{"line":1,"column":26}},"1":{"start":{"line":2,"column":0},"end":{"line":2,"column":52}},"2":{"start":{"line":3,"column":0},"end":{"line":3,"column":65}},"3":{"start":{"line":8,"column":39},"end":{"line":19,"column":2}},"4":{"start":{"line":8,"column":75},"end":{"line":19,"column":2}},"5":{"start":{"line":9,"column":2},"end":{"line":9,"column":35}},"6":{"start":{"line":12,"column":37},"end":{"line":14,"column":null}},"7":{"start":{"line":12,"column":18},"end":{"line":12,"column":37}},"8":{"start":{"line":15,"column":4},"end":{"line":15,"column":74}},"9":{"start":{"line":15,"column":43},"end":{"line":15,"column":73}},"10":{"start":{"line":17,"column":4},"end":{"line":17,"column":14}},"11":{"start":{"line":8,"column":13},"end":{"line":8,"column":39}},"12":{"start":{"line":21,"column":43},"end":{"line":30,"column":2}},"13":{"start":{"line":21,"column":65},"end":{"line":30,"column":2}},"14":{"start":{"line":22,"column":2},"end":{"line":22,"column":29}},"15":{"start":{"line":25,"column":23},"end":{"line":25,"column":null}},"16":{"start":{"line":25,"column":12},"end":{"line":25,"column":23}},"17":{"start":{"line":26,"column":4},"end":{"line":26,"column":26}},"18":{"start":{"line":28,"column":4},"end":{"line":28,"column":17}},"19":{"start":{"line":21,"column":13},"end":{"line":21,"column":43}},"20":{"start":{"line":32,"column":37},"end":{"line":43,"column":2}},"21":{"start":{"line":32,"column":59},"end":{"line":43,"column":2}},"22":{"start":{"line":33,"column":2},"end":{"line":33,"column":29}},"23":{"start":{"line":36,"column":37},"end":{"line":38,"column":null}},"24":{"start":{"line":36,"column":18},"end":{"line":36,"column":37}},"25":{"start":{"line":39,"column":4},"end":{"line":39,"column":74}},"26":{"start":{"line":39,"column":43},"end":{"line":39,"column":73}},"27":{"start":{"line":41,"column":4},"end":{"line":41,"column":14}},"28":{"start":{"line":32,"column":13},"end":{"line":32,"column":37}}},"fnMap":{"0":{"name":"(anonymous_14)","decl":{"start":{"line":8,"column":39},"end":{"line":8,"column":46}},"loc":{"start":{"line":8,"column":75},"end":{"line":19,"column":2}}},"1":{"name":"(anonymous_15)","decl":{"start":{"line":8,"column":75},"end":{"line":8,"column":null}},"loc":{"start":{"line":8,"column":75},"end":{"line":19,"column":2}}},"2":{"name":"(anonymous_17)","decl":{"start":{"line":15,"column":30},"end":{"line":15,"column":31}},"loc":{"start":{"line":15,"column":38},"end":{"line":15,"column":63}}},"3":{"name":"(anonymous_18)","decl":{"start":{"line":21,"column":43},"end":{"line":21,"column":50}},"loc":{"start":{"line":21,"column":65},"end":{"line":30,"column":2}}},"4":{"name":"(anonymous_19)","decl":{"start":{"line":21,"column":65},"end":{"line":21,"column":null}},"loc":{"start":{"line":21,"column":65},"end":{"line":30,"column":2}}},"5":{"name":"(anonymous_21)","decl":{"start":{"line":32,"column":37},"end":{"line":32,"column":44}},"loc":{"start":{"line":32,"column":59},"end":{"line":43,"column":2}}},"6":{"name":"(anonymous_22)","decl":{"start":{"line":32,"column":59},"end":{"line":32,"column":null}},"loc":{"start":{"line":32,"column":59},"end":{"line":43,"column":2}}},"7":{"name":"(anonymous_24)","decl":{"start":{"line":39,"column":30},"end":{"line":39,"column":31}},"loc":{"start":{"line":39,"column":38},"end":{"line":39,"column":63}}}},"branchMap":{},"s":{"0":1,"1":1,"2":1,"3":1,"4":3,"5":3,"6":3,"7":3,"8":2,"9":4,"10":1,"11":1,"12":1,"13":3,"14":3,"15":3,"16":3,"17":2,"18":1,"19":1,"20":1,"21":3,"22":3,"23":3,"24":3,"25":2,"26":4,"27":1,"28":1},"f":{"0":3,"1":3,"2":4,"3":3,"4":3,"5":3,"6":3,"7":4},"b":{}}
}
