TN:
SF:src\config.ts
FNF:0
FNH:0
DA:1,2
DA:3,2
LF:2
LH:2
BRF:0
BRH:0
end_of_record
TN:
SF:src\helpers.ts
FN:4,(anonymous_0)
FN:8,(anonymous_1)
FN:12,(anonymous_2)
FN:24,(anonymous_3)
FNF:4
FNH:4
FNDA:19,(anonymous_0)
FNDA:7,(anonymous_1)
FNDA:13,(anonymous_2)
FNDA:8,(anonymous_3)
DA:1,2
DA:4,2
DA:5,19
DA:8,2
DA:9,7
DA:12,13
DA:13,13
DA:14,1
DA:17,12
DA:18,1
DA:21,11
DA:24,2
DA:25,8
LF:13
LH:13
BRDA:13,0,0,1
BRDA:13,1,0,13
BRDA:13,1,1,11
BRDA:17,2,0,1
BRDA:17,3,0,12
BRDA:17,3,1,5
BRF:6
BRH:6
end_of_record
TN:
SF:src\services\public-holiday.service.ts
FN:8,(anonymous_14)
FN:8,(anonymous_15)
FN:15,(anonymous_17)
FN:21,(anonymous_18)
FN:21,(anonymous_19)
FN:32,(anonymous_21)
FN:32,(anonymous_22)
FN:39,(anonymous_24)
FNF:8
FNH:8
FNDA:3,(anonymous_14)
FNDA:3,(anonymous_15)
FNDA:4,(anonymous_17)
FNDA:3,(anonymous_18)
FNDA:3,(anonymous_19)
FNDA:3,(anonymous_21)
FNDA:3,(anonymous_22)
FNDA:4,(anonymous_24)
DA:1,1
DA:2,1
DA:3,1
DA:8,3
DA:9,3
DA:12,3
DA:15,4
DA:17,1
DA:21,3
DA:22,3
DA:25,3
DA:26,2
DA:28,1
DA:32,3
DA:33,3
DA:36,3
DA:39,4
DA:41,1
LF:18
LH:18
BRF:0
BRH:0
end_of_record
